2023-12-01 17:29:58 AUTOGRADER OPEN ERROR - Database opened successfully
2023-12-01 17:29:58 requests CREATE TABLE SUCCESS - Table created successfully
2023-12-01 17:31:50 requests INSERT SUCCESS - Operation successful
2023-12-01 17:31:50 requests UPDATE SUCCESS - Operation successful
2023-12-01 17:31:50 requests UPDATE SUCCESS - Operation successful
2023-12-01 17:32:56 requests INSERT SUCCESS - Operation successful
2023-12-01 17:32:56 requests UPDATE SUCCESS - Operation successful
2023-12-01 17:32:56 requests UPDATE SUCCESS - Operation successful
2023-12-01 17:35:31 requests INSERT SUCCESS - Operation successful
2023-12-01 17:35:31 requests UPDATE SUCCESS - Operation successful
2023-12-01 17:35:31 requests UPDATE SUCCESS - Operation successful
2023-12-01 17:40:37 AUTOGRADER OPEN ERROR - Database opened successfully
2023-12-01 17:40:37 requests CREATE TABLE SUCCESS - Table created successfully
2023-12-01 17:40:55 requests INSERT SUCCESS - Operation successful
2023-12-01 17:40:55 requests UPDATE SUCCESS - Operation successful
2023-12-01 17:40:55 requests UPDATE SUCCESS - Operation successful
2023-12-01 17:47:29 requests INSERT SUCCESS - Operation successful
2023-12-01 17:47:29 requests UPDATE SUCCESS - Operation successful
2023-12-01 17:47:29 requests UPDATE SUCCESS - Operation successful
2023-12-01 17:47:30 requests INSERT SUCCESS - Operation successful
2023-12-01 17:47:30 requests UPDATE SUCCESS - Operation successful
2023-12-01 17:47:30 requests UPDATE SUCCESS - Operation successful
2023-12-01 17:47:31 requests INSERT SUCCESS - Operation successful
2023-12-01 17:47:31 requests UPDATE SUCCESS - Operation successful
2023-12-01 17:47:31 requests UPDATE SUCCESS - Operation successful
2023-12-01 17:47:32 requests INSERT SUCCESS - Operation successful
2023-12-01 17:47:32 requests UPDATE SUCCESS - Operation successful
2023-12-01 17:47:32 requests UPDATE SUCCESS - Operation successful
2023-12-01 17:47:33 requests INSERT SUCCESS - Operation successful
2023-12-01 17:47:33 requests UPDATE SUCCESS - Operation successful
2023-12-01 17:47:33 requests UPDATE SUCCESS - Operation successful
2023-12-01 17:48:28 requests INSERT SUCCESS - Operation successful
2023-12-01 17:48:28 requests UPDATE SUCCESS - Operation successful
2023-12-01 17:48:28 requests UPDATE SUCCESS - Operation successful
2023-12-01 17:48:53 requests FETCH SUCCESS - Operation successful
2023-12-01 17:48:53 requests UPDATE SUCCESS - Operation successful
2023-12-01 17:49:47 requests INSERT SUCCESS - Operation successful
2023-12-01 17:49:47 requests UPDATE SUCCESS - Operation successful
2023-12-01 17:49:55 requests FETCH SUCCESS - Operation successful
2023-12-01 17:49:55 requests UPDATE SUCCESS - Operation successful
2023-12-01 17:50:02 requests UPDATE SUCCESS - Operation successful
2023-12-01 17:50:02 requests FETCH SUCCESS - Operation successful
2023-12-01 17:50:04 requests FETCH SUCCESS - Operation successful
2023-12-01 18:00:16 AUTOGRADER CLOSE SUCCESS - Database closed
2023-12-01 18:31:49 AUTOGRADER OPEN ERROR - Database opened successfully
2023-12-01 18:31:49 requests CREATE TABLE SUCCESS - Table created successfully
2023-12-01 18:32:01 requests INSERT SUCCESS - Operation successful
2023-12-01 18:32:01 requests UPDATE SUCCESS - Operation successful
2023-12-01 18:32:01 requests UPDATE SUCCESS - Operation successful
2023-12-01 18:32:14 requests FETCH SUCCESS - Operation successful
2023-12-01 18:32:14 requests UPDATE SUCCESS - Operation successful
2023-12-01 18:32:38 requests INSERT SUCCESS - Operation successful
2023-12-01 18:32:38 requests UPDATE SUCCESS - Operation successful
2023-12-01 18:32:51 requests FETCH SUCCESS - Operation successful
2023-12-01 18:32:51 requests UPDATE SUCCESS - Operation successful
2023-12-01 18:32:53 requests UPDATE SUCCESS - Operation successful
2023-12-01 18:32:58 requests FETCH SUCCESS - Operation successful
2023-12-01 19:12:30 AUTOGRADER CLOSE SUCCESS - Database closed
2023-12-01 19:13:19 AUTOGRADER OPEN ERROR - Database opened successfully
2023-12-01 19:13:19 requests CREATE TABLE SUCCESS - Table created successfully
2023-12-01 19:15:23 AUTOGRADER OPEN ERROR - Database opened successfully
2023-12-01 19:15:23 requests CREATE TABLE SUCCESS - Table created successfully
2023-12-01 19:15:30 requests INSERT SUCCESS - Operation successful
2023-12-01 19:15:30 requests UPDATE SUCCESS - Operation successful
2023-12-01 19:15:30 requests UPDATE SUCCESS - Operation successful
2023-12-01 19:20:13 requests INSERT SUCCESS - Operation successful
2023-12-01 19:20:13 requests UPDATE SUCCESS - Operation successful
2023-12-01 19:20:13 requests UPDATE SUCCESS - Operation successful
2023-12-01 19:20:14 requests INSERT SUCCESS - Operation successful
2023-12-01 19:20:14 requests UPDATE SUCCESS - Operation successful
2023-12-01 19:20:14 requests UPDATE SUCCESS - Operation successful
2023-12-01 19:20:15 requests INSERT SUCCESS - Operation successful
2023-12-01 19:20:15 requests UPDATE SUCCESS - Operation successful
2023-12-01 19:20:15 requests UPDATE SUCCESS - Operation successful
2023-12-01 19:20:16 requests INSERT SUCCESS - Operation successful
2023-12-01 19:20:16 requests UPDATE SUCCESS - Operation successful
2023-12-01 19:20:16 requests UPDATE SUCCESS - Operation successful
2023-12-01 19:20:17 requests INSERT SUCCESS - Operation successful
2023-12-01 19:20:17 requests UPDATE SUCCESS - Operation successful
2023-12-01 19:20:17 requests UPDATE SUCCESS - Operation successful
2023-12-01 19:20:49 AUTOGRADER CLOSE SUCCESS - Database closed
